<?xml version="1.0" encoding="UTF-8"?>
<!-- Generated by org.testng.reporters.JUnitXMLReporter -->
<testsuite hostname="Mayanks-MacBook-Pro.local" failures="0" tests="4" name="Default test" time="108.871" errors="0" timestamp="27 Nov 2020 11:40:53 GMT">
  <testcase classname="sample.sample.googleSearch" name="launchChrome" time="36.318"/>
  <testcase classname="sample.sample.googleSearch" name="launchEdge" time="26.806"/>
  <testcase classname="sample.sample.googleSearch" name="launchFirefox" time="19.998"/>
  <testcase classname="sample.sample.googleSearch" name="launchSafari" time="25.353"/>
</testsuite> <!-- Default test -->
