<?xml version="1.0" encoding="UTF-8"?>
<!-- Generated by org.testng.reporters.JUnitXMLReporter -->
<testsuite hostname="Mayanks-MacBook-Pro.local" failures="0" tests="4" name="Test" time="45.999" errors="0" timestamp="27 Nov 2020 11:54:55 GMT">
  <testcase classname="sample.sample.googleSearch" name="launchFirefox" time="19.561"/>
  <testcase classname="sample.sample.googleSearch" name="launchSafari" time="24.454"/>
  <testcase classname="sample.sample.googleSearch" name="launchChrome" time="34.411"/>
  <testcase classname="sample.sample.googleSearch" name="launchEdge" time="45.65"/>
</testsuite> <!-- Test -->
