<?xml version="1.0" encoding="UTF-8"?>
<!-- Generated by org.testng.reporters.JUnitXMLReporter -->
<testsuite hostname="DESKTOP-SSA0485" ignored="0" name="Test" tests="4" failures="0" timestamp="2020-09-11T16:00:40 IST" time="60.984" errors="0">
  <testcase name="launchSafari" time="37.79" classname="sample.sample.amazonSearch"/>
  <testcase name="launchFirefox" time="40.194" classname="sample.sample.amazonSearch"/>
  <testcase name="launchChrome" time="52.619" classname="sample.sample.amazonSearch"/>
  <testcase name="launchEdge" time="60.913" classname="sample.sample.amazonSearch"/>
</testsuite> <!-- Test -->
