<?xml version="1.0" encoding="UTF-8"?>
<!-- Generated by org.testng.reporters.JUnitXMLReporter -->
<testsuite hostname="Mudassars-MacBook-Pro.local" name="Test" tests="4" failures="0" timestamp="27 Nov 2020 12:54:53 GMT" time="37.061" errors="0">
  <testcase name="launchFirefox" time="25.599" classname="sample.sample.googleSearch"/>
  <testcase name="launchSafari" time="26.683" classname="sample.sample.googleSearch"/>
  <testcase name="launchEdge" time="31.701" classname="sample.sample.googleSearch"/>
  <testcase name="launchChrome" time="36.582" classname="sample.sample.googleSearch"/>
</testsuite> <!-- Test -->
