<?xml version="1.0" encoding="UTF-8"?>
<testsuite xmlns:xsi="http://www.w3.org/2001/XMLSchema-instance" xsi:noNamespaceSchemaLocation="https://maven.apache.org/surefire/maven-surefire-plugin/xsd/surefire-test-report-3.0.xsd" version="3.0" name="TestSuite" time="53.08" tests="4" errors="0" skipped="0" failures="1">
  <properties>
[...]
</properties>
  <testcase name="launchChrome" classname="sample.sample.amazonSearch" time="6.946">
    <failure message="[browserstack.local] is set to true but local testing through BrowserStack is not connected. (WARNING: The server did not provide any stacktrace information)&#10;Command duration or timeout: 5.62 seconds&#10;Build info: version: &apos;4.0.0-alpha-6&apos;, revision: &apos;5f43a29cfc&apos;&#10;System info: host: &apos;DESKTOP-SSA0485&apos;, ip: &apos;192.168.0.8&apos;, os.name: &apos;Windows 10&apos;, os.arch: &apos;amd64&apos;, os.version: &apos;10.0&apos;, java.version: &apos;1.8.0_261&apos;&#10;Driver info: driver.version: RemoteWebDriver" type="org.openqa.selenium.WebDriverException"><![CDATA[org.openqa.selenium.WebDriverException: 
[browserstack.local] is set to true but local testing through BrowserStack is not connected. (WARNING: The server did not provide any stacktrace information)
Command duration or timeout: 5.62 seconds
Build info: version: '4.0.0-alpha-6', revision: '5f43a29cfc'
System info: host: 'DESKTOP-SSA0485', ip: '192.168.0.8', os.name: 'Windows 10', os.arch: 'amd64', os.version: '10.0', java.version: '1.8.0_261'
Driver info: driver.version: RemoteWebDriver
	at sample.sample.amazonSearch.launchChrome(amazonSearch.java:108)
]]></failure>
    <system-err><![CDATA[SLF4J: Failed to load class "org.slf4j.impl.StaticLoggerBinder".
SLF4J: Defaulting to no-operation (NOP) logger implementation
SLF4J: See http://www.slf4j.org/codes.html#StaticLoggerBinder for further details.
]]></system-err>
  </testcase>
  <testcase name="launchSafari" classname="sample.sample.amazonSearch" time="39.744">
    <system-out><![CDATA[67a1dff6baa0a2b0e638a4f43bb54c3687a6b1aa
eee37d7227a64722778edca0ceef900fc7c22d3c
0ebd0990efef4b7b3561866f6d5840a053a8b844
Product List   =24K Gold Plated iPhone Xs 256 GB Silver - Unlocked Custom
*********************************************************************************************
Product List   =Apple iPhone XS (64GB, Space Gray) [Locked] + Carrier Subscription
*********************************************************************************************
Product List   =Apple iPhone XS, 64GB, Space Gray - For AT&T (Renewed)
*********************************************************************************************
Product List   =Apple iPhone XS Max, 64GB, Silver - Fully Unlocked (Renewed)
*********************************************************************************************
Product List   =Apple iPhone X, 64GB, Space Gray - Fully Unlocked (Renewed Premium)
*********************************************************************************************
Product List   =24K Gold Plated iPhone Xs 256 GB Silver - Unlocked Custom
*********************************************************************************************
Product List   =Apple iPhone XS (64GB, Space Gray) [Locked] + Carrier Subscription
*********************************************************************************************
Product List   =Apple iPhone XS, 64GB, Space Gray - For AT&T (Renewed)
Product List   =Apple iPhone 8 Plus (128GB, Space Gray) [Locked] + Carrier Subscription
*********************************************************************************************
*********************************************************************************************
Product List   =Apple iPhone XS Max, 64GB, Silver - Fully Unlocked (Renewed)
Product List   =Apple iPhone 8 Plus 64GB Factory Unlocked - Silver - ATT Tmobile Metro Cricket Straight Talk Mint
*********************************************************************************************
*********************************************************************************************
Product List   =Apple iPhone X, 64GB, Space Gray - Fully Unlocked (Renewed Premium)
Product List   =iPhone 8 Plus 64GB Factory Unlocked - Gold - ATT Tmobile Metro Cricket Straight Talk Mint
*********************************************************************************************
*********************************************************************************************
Product List   =Apple iPhone 8 Plus (128GB, Space Gray) [Locked] + Carrier Subscription
*********************************************************************************************
Product List   =Apple iPhone 8 Plus 64GB Factory Unlocked - Red - ATT Tmobile Metro Cricket Straight Talk Mint
*********************************************************************************************
Product List   =Apple iPhone 8 Plus 64GB Factory Unlocked - Silver - ATT Tmobile Metro Cricket Straight Talk Mint
Product List   =Apple iPhone 8 Plus 64GB Factory Unlocked - Space Gray - ATT Tmobile Metro Cricket Straight Talk Mint
*********************************************************************************************
*********************************************************************************************
Product List   =iPhone 8 Plus 64GB Factory Unlocked - Gold - ATT Tmobile Metro Cricket Straight Talk Mint
*********************************************************************************************
Product List   =Apple iPhone 8 Plus 64GB Factory Unlocked - Red - ATT Tmobile Metro Cricket Straight Talk Mint
*********************************************************************************************
Product List   =Apple iPhone 8 Plus 64GB Factory Unlocked - Space Gray - ATT Tmobile Metro Cricket Straight Talk Mint
*********************************************************************************************
Product List   =Apple iPhone 7, Fully Unlocked, 128GB (Renewed)
Product List   =Apple iPhone 7, Fully Unlocked, 128GB (Renewed)
*********************************************************************************************
*********************************************************************************************
Product List   =Apple iPhone XR (64GB, Black) [Locked] + Carrier Subscription
*********************************************************************************************
Product List   =Apple iPhone XR (64GB, Black) [Locked] + Carrier Subscription
*********************************************************************************************
Product List   =New Apple iPhone SE (64GB, White) [Locked] + Carrier Subscription
Product List   =New Apple iPhone SE (64GB, White) [Locked] + Carrier Subscription
*********************************************************************************************
*********************************************************************************************
Product List   =Apple iPhone 8 Plus, 64GB, Gold - For T-Mobile (Renewed)
*********************************************************************************************
Product List   =Apple iPhone 7 Plus, 256GB, Black - for AT&T/T-Mobile (Renewed)
*********************************************************************************************
Product List   =LG Electronics LG Q7+ Limited Edition BTS Factory Unlocked Smartphone - Black (U.S. Warranty)
*********************************************************************************************
Product List   =Apple iPhone 7 Plus, 128GB, Rose Gold - For AT&T (Renewed)
Product List   =Apple iPhone 8 Plus, 64GB, Gold - For T-Mobile (Renewed)
*********************************************************************************************
*********************************************************************************************
Product List   =Verizon Prepaid - Apple iPhone 6S Plus (32GB) - Space Gray
Product List   =Apple iPhone 7 Plus, 256GB, Black - for AT&T/T-Mobile (Renewed)
*********************************************************************************************
*********************************************************************************************
Product List   =LG Electronics LG Q7+ Limited Edition BTS Factory Unlocked Smartphone - Black (U.S. Warranty)
*********************************************************************************************
Product List   =Apple iPhone 7 Plus, 128GB, Rose Gold - For AT&T (Renewed)
*********************************************************************************************
Product List   =Verizon Prepaid - Apple iPhone 6S Plus (32GB) - Space Gray
*********************************************************************************************
Product List   =Apple iPhone 5 SE 64GB Fully Unlocked - Silver - Att Tmobile Metro Straight Talk Cricket Mint
*********************************************************************************************
Product List   =Apple iPhone 5 SE 64GB Fully Unlocked - Gold - Att Tmobile Metro Straight Talk Cricket Mint
*********************************************************************************************
Product List   =Apple iPhone 5 SE 64GB Fully Unlocked - Silver - Att Tmobile Metro Straight Talk Cricket Mint
Product List   =Apple iPhone 6 64GB Factory Unlocked - Silver - ATT Tmobile Metro Cricket
*********************************************************************************************
*********************************************************************************************
Product List   =Apple iPhone 6 64GB Factory Unlocked - Gold - ATT Tmobile Metro Cricket
*********************************************************************************************
Product List   =Apple iPhone 5 SE 64GB Fully Unlocked - Gold - Att Tmobile Metro Straight Talk Cricket Mint
*********************************************************************************************
Product List   =Apple iPhone 5 SE 64GB Fully Unlocked - Gray - Att Tmobile Metro Straight Talk Cricket Mint
*********************************************************************************************
Product List   =Apple iPhone 6 64GB Factory Unlocked - Silver - ATT Tmobile Metro Cricket
*********************************************************************************************
Display Price List   =589
*********************************************************************************************
Product List   =Apple iPhone 6 64GB Factory Unlocked - Gold - ATT Tmobile Metro Cricket
Display Price List   =389
*********************************************************************************************
*********************************************************************************************
Display Price List   =279
Product List   =Apple iPhone 5 SE 64GB Fully Unlocked - Gray - Att Tmobile Metro Straight Talk Cricket Mint
*********************************************************************************************
*********************************************************************************************
Display Price List   =589.
*********************************************************************************************
Display Price List   =389.
*********************************************************************************************
Display Price List   =279.
*********************************************************************************************
Links List   =https://www.amazon.com/Apple-iPhone-Max-Fully-Unlocked/dp/B07KFMSQKX/ref=sr_1_4?dchild=1&keywords=iPhone+X&qid=1599820464&refinements=p_n_feature_twenty_browse-bin%3A17881878011&rnid=17881875011&s=wireless&sr=1-4
*********************************************************************************************
Links List   =https://www.amazon.com/Apple-iPhone-Max-Fully-Unlocked/dp/B07KFMSQKX/ref=sr_1_4?dchild=1&keywords=iPhone+X&qid=1599820469&refinements=p_n_feature_twenty_browse-bin%3A17881878011&rnid=17881875011&s=wireless&sr=1-4
*********************************************************************************************
Links List   =https://www.amazon.com/Apple-iPhone-Plus-64GB-Gold/dp/B07RJL29XH/ref=sr_1_14?dchild=1&keywords=iPhone+X&qid=1599820469&refinements=p_n_feature_twenty_browse-bin%3A17881878011&rnid=17881875011&s=wireless&sr=1-14
*********************************************************************************************
Links List   =https://www.amazon.com/Apple-iPhone-Plus-64GB-Gold/dp/B07RJL29XH/ref=sr_1_14?dchild=1&keywords=iPhone+X&qid=1599820464&refinements=p_n_feature_twenty_browse-bin%3A17881878011&rnid=17881875011&s=wireless&sr=1-14
*********************************************************************************************
Links List   =https://www.amazon.com/Verizon-Prepaid-Apple-iPhone-Space/dp/B07SWT3BVV/ref=sr_1_18?dchild=1&keywords=iPhone+X&qid=1599820469&refinements=p_n_feature_twenty_browse-bin%3A17881878011&rnid=17881875011&s=wireless&sr=1-18
*********************************************************************************************
]]></system-out>
    <system-err><![CDATA[Sep 11, 2020 4:04:11 PM org.openqa.selenium.remote.ProtocolHandshake createSession
INFO: Detected dialect: W3C
Sep 11, 2020 4:04:12 PM org.openqa.selenium.remote.ProtocolHandshake createSession
INFO: Detected dialect: W3C
Sep 11, 2020 4:04:17 PM org.openqa.selenium.remote.ProtocolHandshake createSession
INFO: Detected dialect: OSS
]]></system-err>
  </testcase>
  <testcase name="launchFirefox" classname="sample.sample.amazonSearch" time="44.855">
    <system-out><![CDATA[Links List   =https://www.amazon.com/Verizon-Prepaid-Apple-iPhone-Space/dp/B07SWT3BVV/ref=sr_1_18?dchild=1&keywords=iPhone+X&qid=1599820464&refinements=p_n_feature_twenty_browse-bin%3A17881878011&rnid=17881875011&s=wireless&sr=1-18
*********************************************************************************************
]]></system-out>
  </testcase>
  <testcase name="launchEdge" classname="sample.sample.amazonSearch" time="52.278">
    <system-out><![CDATA[Product List   =24K Gold Plated iPhone Xs 256 GB Silver - Unlocked Custom
*********************************************************************************************
Product List   =Apple iPhone XS (64GB, Space Gray) [Locked] + Carrier Subscription
*********************************************************************************************
Product List   =Apple iPhone XS, 64GB, Space Gray - For AT&T (Renewed)
*********************************************************************************************
Product List   =Apple iPhone XS Max, 64GB, Silver - Fully Unlocked (Renewed)
*********************************************************************************************
Product List   =Apple iPhone X, 64GB, Space Gray - Fully Unlocked (Renewed Premium)
*********************************************************************************************
Product List   =Apple iPhone 7 Plus, 128GB, Silver - Fully Unlocked (Renewed)
*********************************************************************************************
Product List   =Apple iPhone 8 Plus (128GB, Space Gray) [Locked] + Carrier Subscription
*********************************************************************************************
Product List   =Apple iPhone 8 Plus 64GB Factory Unlocked - Silver - ATT Tmobile Metro Cricket Straight Talk Mint
*********************************************************************************************
Product List   =iPhone 8 Plus 64GB Factory Unlocked - Gold - ATT Tmobile Metro Cricket Straight Talk Mint
*********************************************************************************************
Product List   =Apple iPhone 8 Plus 64GB Factory Unlocked - Red - ATT Tmobile Metro Cricket Straight Talk Mint
*********************************************************************************************
Product List   =Apple iPhone 8 Plus 64GB Factory Unlocked - Space Gray - ATT Tmobile Metro Cricket Straight Talk Mint
*********************************************************************************************
Product List   =Apple iPhone 7, Fully Unlocked, 128GB (Renewed)
*********************************************************************************************
Product List   =Apple iPhone XR (64GB, Black) [Locked] + Carrier Subscription
*********************************************************************************************
Product List   =Apple iPhone 8 Plus, 64GB, Gold - For T-Mobile (Renewed)
*********************************************************************************************
Product List   =LG Electronics LG Q7+ Limited Edition BTS Factory Unlocked Smartphone - Black (U.S. Warranty)
*********************************************************************************************
Product List   =Apple iPhone 7 Plus, 128GB, Rose Gold - For AT&T (Renewed)
*********************************************************************************************
Product List   =Verizon Prepaid - Apple iPhone 6S Plus (32GB) - Space Gray
*********************************************************************************************
Product List   =Apple iPhone 5 SE 64GB Fully Unlocked - Silver - Att Tmobile Metro Straight Talk Cricket Mint
*********************************************************************************************
Product List   =Apple iPhone 5 SE 64GB Fully Unlocked - Gold - Att Tmobile Metro Straight Talk Cricket Mint
*********************************************************************************************
Product List   =Apple iPhone 6 64GB Factory Unlocked - Silver - ATT Tmobile Metro Cricket
*********************************************************************************************
Product List   =Apple iPhone 6 64GB Factory Unlocked - Gold - ATT Tmobile Metro Cricket
*********************************************************************************************
Product List   =Apple iPhone 5 SE 64GB Fully Unlocked - Gray - Att Tmobile Metro Straight Talk Cricket Mint
*********************************************************************************************
Display Price List   =589
*********************************************************************************************
Display Price List   =389
*********************************************************************************************
Display Price List   =279
*********************************************************************************************
Links List   =https://www.amazon.com/Apple-iPhone-Max-Fully-Unlocked/dp/B07KFMSQKX/ref=sr_1_4?dchild=1&keywords=iPhone+X&qid=1599820476&refinements=p_n_feature_twenty_browse-bin%3A17881878011&rnid=17881875011&s=wireless&sr=1-4
*********************************************************************************************
Links List   =https://www.amazon.com/Apple-iPhone-Plus-64GB-Gold/dp/B07RJL29XH/ref=sr_1_14?dchild=1&keywords=iPhone+X&qid=1599820476&refinements=p_n_feature_twenty_browse-bin%3A17881878011&rnid=17881875011&s=wireless&sr=1-14
*********************************************************************************************
Links List   =https://www.amazon.com/Verizon-Prepaid-Apple-iPhone-Space/dp/B07SWT3BVV/ref=sr_1_17?dchild=1&keywords=iPhone+X&qid=1599820476&refinements=p_n_feature_twenty_browse-bin%3A17881878011&rnid=17881875011&s=wireless&sr=1-17
*********************************************************************************************
]]></system-out>
  </testcase>
</testsuite>