<?xml version="1.0" encoding="UTF-8"?>
<testng-results skipped="0" failed="0" total="4" passed="4">
  <reporter-output>
  </reporter-output>
  <suite name="Suite" duration-ms="37061" started-at="2020-11-27T12:54:16Z" finished-at="2020-11-27T12:54:53Z">
    <groups>
    </groups>
    <test name="Test" duration-ms="37061" started-at="2020-11-27T12:54:16Z" finished-at="2020-11-27T12:54:53Z">
      <class name="sample.sample.googleSearch">
        <test-method status="PASS" signature="setup()[pri:0, instance:sample.sample.googleSearch@2ef5e5e3]" name="setup" is-config="true" duration-ms="184" started-at="2020-11-27T18:24:16Z" finished-at="2020-11-27T18:24:16Z">
          <reporter-output>
          </reporter-output>
        </test-method> <!-- setup -->
        <test-method status="PASS" signature="launchChrome()[pri:0, instance:sample.sample.googleSearch@2ef5e5e3]" name="launchChrome" duration-ms="36582" started-at="2020-11-27T18:24:16Z" finished-at="2020-11-27T18:24:53Z">
          <reporter-output>
          </reporter-output>
        </test-method> <!-- launchChrome -->
        <test-method status="PASS" signature="launchFirefox()[pri:0, instance:sample.sample.googleSearch@2ef5e5e3]" name="launchFirefox" duration-ms="25599" started-at="2020-11-27T18:24:16Z" finished-at="2020-11-27T18:24:42Z">
          <reporter-output>
          </reporter-output>
        </test-method> <!-- launchFirefox -->
        <test-method status="PASS" signature="launchSafari()[pri:0, instance:sample.sample.googleSearch@2ef5e5e3]" name="launchSafari" duration-ms="26683" started-at="2020-11-27T18:24:16Z" finished-at="2020-11-27T18:24:43Z">
          <reporter-output>
          </reporter-output>
        </test-method> <!-- launchSafari -->
        <test-method status="PASS" signature="launchEdge()[pri:0, instance:sample.sample.googleSearch@2ef5e5e3]" name="launchEdge" duration-ms="31701" started-at="2020-11-27T18:24:16Z" finished-at="2020-11-27T18:24:48Z">
          <reporter-output>
          </reporter-output>
        </test-method> <!-- launchEdge -->
        <test-method status="PASS" signature="teardown()[pri:0, instance:sample.sample.googleSearch@2ef5e5e3]" name="teardown" is-config="true" duration-ms="284" started-at="2020-11-27T18:24:53Z" finished-at="2020-11-27T18:24:53Z">
          <reporter-output>
          </reporter-output>
        </test-method> <!-- teardown -->
      </class> <!-- sample.sample.googleSearch -->
    </test> <!-- Test -->
  </suite> <!-- Suite -->
</testng-results>
